# JRE version: OpenJDK Runtime Environment JBR-17.0.9+8-1166.2-nomod (17.0.9+8) (build 17.0.9+8-b1166.2)
# Java VM: OpenJDK 64-Bit Server VM JBR-17.0.9+8-1166.2-nomod (17.0.9+8-b1166.2, mixed mode, tiered, compressed oops, compressed class ptrs, g1 gc, linux-amd64)
GC Precious Log:
 CPUs: 8 total, 8 available
 Memory: 7538M
 Large Page Support: Disabled
 NUMA Support: Disabled
 Compressed Oops: Enabled (32-bit)
 Heap Region Size: 1M
 Heap Min Capacity: 8M
 Heap Initial Capacity: 118M
 Heap Max Capacity: 1886M
 Pre-touch: Disabled
 Parallel Workers: 8
 Concurrent Workers: 2
 Concurrent Refinement Workers: 8
 Periodic GC: Disabled
Heap:
 garbage-first heap   total 130048K, used 68813K [0x000000008a200000, 0x0000000100000000)
  region size 1024K, 10 young (10240K), 5 survivors (5120K)
 Metaspace       used 30324K, committed 30656K, reserved 1114112K
  class space    used 3569K, committed 3712K, reserved 1048576K
GC Heap History (20 events):
Event: 105,692 GC heap before
{Heap before GC invocations=19 (full 0):
 garbage-first heap   total 116736K, used 109823K [0x000000008a200000, 0x0000000100000000)
  region size 1024K, 24 young (24576K), 2 survivors (2048K)
 Metaspace       used 29609K, committed 29888K, reserved 1114112K
  class space    used 3534K, committed 3648K, reserved 1048576K
}
Event: 105,695 GC heap after
{Heap after GC invocations=20 (full 0):
 garbage-first heap   total 116736K, used 69545K [0x000000008a200000, 0x0000000100000000)
  region size 1024K, 4 young (4096K), 4 survivors (4096K)
 Metaspace       used 29609K, committed 29888K, reserved 1114112K
  class space    used 3534K, committed 3648K, reserved 1048576K
}
Event: 108,115 GC heap before
{Heap before GC invocations=20 (full 0):
 garbage-first heap   total 116736K, used 70569K [0x000000008a200000, 0x0000000100000000)
  region size 1024K, 5 young (5120K), 4 survivors (4096K)
 Metaspace       used 29624K, committed 29888K, reserved 1114112K
  class space    used 3534K, committed 3648K, reserved 1048576K
}
Event: 108,117 GC heap after
{Heap after GC invocations=21 (full 0):
 garbage-first heap   total 116736K, used 65543K [0x000000008a200000, 0x0000000100000000)
  region size 1024K, 1 young (1024K), 1 survivors (1024K)
 Metaspace       used 29624K, committed 29888K, reserved 1114112K
  class space    used 3534K, committed 3648K, reserved 1048576K
}
Event: 216,132 GC heap before
{Heap before GC invocations=21 (full 0):
 garbage-first heap   total 116736K, used 77831K [0x000000008a200000, 0x0000000100000000)
  region size 1024K, 14 young (14336K), 1 survivors (1024K)
 Metaspace       used 29720K, committed 29952K, reserved 1114112K
  class space    used 3538K, committed 3648K, reserved 1048576K
}
Event: 216,138 GC heap after
{Heap after GC invocations=22 (full 0):
 garbage-first heap   total 116736K, used 67866K [0x000000008a200000, 0x0000000100000000)
  region size 1024K, 4 young (4096K), 4 survivors (4096K)
 Metaspace       used 29720K, committed 29952K, reserved 1114112K
  class space    used 3538K, committed 3648K, reserved 1048576K
}
Event: 248,043 GC heap before
{Heap before GC invocations=23 (full 0):
 garbage-first heap   total 116736K, used 101658K [0x000000008a200000, 0x0000000100000000)
  region size 1024K, 28 young (28672K), 4 survivors (4096K)
 Metaspace       used 29944K, committed 30144K, reserved 1114112K
  class space    used 3547K, committed 3648K, reserved 1048576K
}
Event: 248,046 GC heap after
{Heap after GC invocations=24 (full 0):
 garbage-first heap   total 116736K, used 73662K [0x000000008a200000, 0x0000000100000000)
  region size 1024K, 3 young (3072K), 3 survivors (3072K)
 Metaspace       used 29944K, committed 30144K, reserved 1114112K
  class space    used 3547K, committed 3648K, reserved 1048576K
}
Event: 248,673 GC heap before
{Heap before GC invocations=24 (full 0):
 garbage-first heap   total 116736K, used 75710K [0x000000008a200000, 0x0000000100000000)
  region size 1024K, 5 young (5120K), 3 survivors (3072K)
 Metaspace       used 29981K, committed 30208K, reserved 1114112K
  class space    used 3547K, committed 3648K, reserved 1048576K
}
Event: 248,675 GC heap after
{Heap after GC invocations=25 (full 0):
 garbage-first heap   total 116736K, used 72451K [0x000000008a200000, 0x0000000100000000)
  region size 1024K, 1 young (1024K), 1 survivors (1024K)
 Metaspace       used 29981K, committed 30208K, reserved 1114112K
  class space    used 3547K, committed 3648K, reserved 1048576K
}
Event: 248,796 GC heap before
{Heap before GC invocations=25 (full 0):
 garbage-first heap   total 116736K, used 72451K [0x000000008a200000, 0x0000000100000000)
  region size 1024K, 2 young (2048K), 1 survivors (1024K)
 Metaspace       used 29990K, committed 30208K, reserved 1114112K
  class space    used 3547K, committed 3648K, reserved 1048576K
}
Event: 248,797 GC heap after
{Heap after GC invocations=26 (full 0):
 garbage-first heap   total 116736K, used 72380K [0x000000008a200000, 0x0000000100000000)
  region size 1024K, 1 young (1024K), 1 survivors (1024K)
 Metaspace       used 29990K, committed 30208K, reserved 1114112K
  class space    used 3547K, committed 3648K, reserved 1048576K
}
Event: 248,818 GC heap before
{Heap before GC invocations=27 (full 0):
 garbage-first heap   total 116736K, used 68284K [0x000000008a200000, 0x0000000100000000)
  region size 1024K, 2 young (2048K), 1 survivors (1024K)
 Metaspace       used 29990K, committed 30208K, reserved 1114112K
  class space    used 3547K, committed 3648K, reserved 1048576K
}
Event: 248,819 GC heap after
{Heap after GC invocations=28 (full 0):
 garbage-first heap   total 116736K, used 66260K [0x000000008a200000, 0x0000000100000000)
  region size 1024K, 1 young (1024K), 1 survivors (1024K)
 Metaspace       used 29990K, committed 30208K, reserved 1114112K
  class space    used 3547K, committed 3648K, reserved 1048576K
}
Event: 300,243 GC heap before
{Heap before GC invocations=29 (full 0):
 garbage-first heap   total 126976K, used 85716K [0x000000008a200000, 0x0000000100000000)
  region size 1024K, 13 young (13312K), 1 survivors (1024K)
 Metaspace       used 30155K, committed 30400K, reserved 1114112K
  class space    used 3556K, committed 3712K, reserved 1048576K
}
Event: 300,245 GC heap after
{Heap after GC invocations=30 (full 0):
 garbage-first heap   total 126976K, used 74353K [0x000000008a200000, 0x0000000100000000)
  region size 1024K, 3 young (3072K), 3 survivors (3072K)
 Metaspace       used 30155K, committed 30400K, reserved 1114112K
  class space    used 3556K, committed 3712K, reserved 1048576K
}
Event: 300,268 GC heap before
{Heap before GC invocations=31 (full 0):
 garbage-first heap   total 126976K, used 70257K [0x000000008a200000, 0x0000000100000000)
  region size 1024K, 4 young (4096K), 3 survivors (3072K)
 Metaspace       used 30155K, committed 30400K, reserved 1114112K
  class space    used 3556K, committed 3712K, reserved 1048576K
}
Event: 300,270 GC heap after
{Heap after GC invocations=32 (full 0):
 garbage-first heap   total 126976K, used 67402K [0x000000008a200000, 0x0000000100000000)
  region size 1024K, 2 young (2048K), 2 survivors (2048K)
 Metaspace       used 30155K, committed 30400K, reserved 1114112K
  class space    used 3556K, committed 3712K, reserved 1048576K
}
Event: 455,645 GC heap before
{Heap before GC invocations=33 (full 0):
 garbage-first heap   total 130048K, used 109386K [0x000000008a200000, 0x0000000100000000)
  region size 1024K, 35 young (35840K), 2 survivors (2048K)
 Metaspace       used 30244K, committed 30528K, reserved 1114112K
  class space    used 3561K, committed 3712K, reserved 1048576K
}
Event: 455,649 GC heap after
{Heap after GC invocations=34 (full 0):
 garbage-first heap   total 130048K, used 64717K [0x000000008a200000, 0x0000000100000000)
  region size 1024K, 5 young (5120K), 5 survivors (5120K)
 Metaspace       used 30244K, committed 30528K, reserved 1114112K
  class space    used 3561K, committed 3712K, reserved 1048576K
}

